<testsuites name="testsuites" size="${size}" machine="DESKTOP-6CSCC59" build="${env.BUILD_NUMBER}" cover="${cover}" urlroot="./.." version="${env.SVN_REVISION}" tests="6" passed="2" failures="3" disabled="1" duplicate="0" unknowns="1" fixed="0" broken="0">
  <testsuite  name="top@rtl" tests="6" passed="2" disabled="1" duplicate="1" unknowns="1" fixed="0" broken="0" failures="4">
    <testcase name="intent.teststarted_0" classname="started.unchanged" corner="rtl" target="intent.teststarted" seed="0" basename="top" time="20171231_213100" log="logpath">
    </testcase>
    <testcase name="intent.testfailfail_0" classname="failures.unchanged" corner="rtl" target="intent.testfailfail" seed="0" basename="top" time="20171231_213100" log="../log/fail/testfail">
      <failure message="Failed with failures status"/>
      <system-out>
      </system-out>
    </testcase>
    <testcase name="intent.testpassbroken_0" classname="failures.unchanged" corner="rtl" target="intent.testpassbroken" seed="0" basename="top" time="20171231_213100" log="../log/fail/testfail">
      <failure message="Failed with failures status"/>
      <system-out>
      </system-out>
    </testcase>
    <testcase name="intent.testpasspass_0" classname="passed.unchanged" corner="rtl" target="intent.testpasspass" seed="0" basename="top" time="20171231_213100" log="../log/pass/testpass">
    </testcase>
    <testcase name="intent.testfailfixed_0" classname="passed.unchanged" corner="rtl" target="intent.testfailfixed" seed="0" basename="top" time="20171231_213100" log="../log/pass/testpass">
    </testcase>
    <testcase name="intent.testtimeout_0" classname="timeout.unchanged" corner="rtl" target="intent.testtimeout" seed="0" basename="top" time="20171231_213100" log="../log/timeout/testtimeout">
      <failure message="Time out"/>
    </testcase>
    <testcase name="intent.testdisabled_0" classname="disabled.unchanged" corner="rtl" target="intent.testdisabled" seed="0" basename="top" time="20171231_213100" log="../log/disabled/testdisabled">
    </testcase>
    <testcase name="intent.testduplicate_0" classname="duplicate.unchanged" corner="rtl" target="intent.testduplicate" seed="0" basename="top" time="20171231_213100" log="../log/duplicate/testduplicate">
      <skipped/>
    </testcase>
  </testsuite>
</testsuites>
